1503941875084	geckodriver	INFO	geckodriver 0.18.0
1503941875099	geckodriver	INFO	Listening on 127.0.0.1:50559
1503941877083	geckodriver::marionette	INFO	Starting browser D:\firefox\firefox.exe with args ["-marionette"]
1503941877380	addons.xpi	WARN	Error parsing extensions state: [Exception... "Component returned failure code: 0x80520012 (NS_ERROR_FILE_NOT_FOUND) [amIAddonManagerStartup.readStartupData]"  nsresult: "0x80520012 (NS_ERROR_FILE_NOT_FOUND)"  location: "JS frame :: resource://gre/modules/addons/XPIProvider.jsm :: loadExtensionState :: line 1596"  data: no] Stack trace: loadExtensionState()@resource://gre/modules/addons/XPIProvider.jsm:1596 < getInstallState()@resource://gre/modules/addons/XPIProvider.jsm:1631 < checkForChanges()@resource://gre/modules/addons/XPIProvider.jsm:3152 < startup()@resource://gre/modules/addons/XPIProvider.jsm:2246 < callProvider()@resource://gre/modules/AddonManager.jsm:271 < _startProvider()@resource://gre/modules/AddonManager.jsm:741 < startup()@resource://gre/modules/AddonManager.jsm:908 < startup()@resource://gre/modules/AddonManager.jsm:3122 < observe()@jar:file:///D:/firefox/omni.ja!/components/addonManager.js:65
1503941878010	Marionette	INFO	Enabled via --marionette
Unable to read VR Path Registry from C:\Users\Administrator\AppData\Local\openvr\openvrpaths.vrpath
[GPU 7928] WARNING: pipe error: 109: file c:/builds/moz2_slave/m-rel-w64-00000000000000000000/build/src/ipc/chromium/src/chrome/common/ipc_channel_win.cc, line 346
Unable to read VR Path Registry from C:\Users\Administrator\AppData\Local\openvr\openvrpaths.vrpath
[Parent 9116] WARNING: pipe error: 109: file c:/builds/moz2_slave/m-rel-w64-00000000000000000000/build/src/ipc/chromium/src/chrome/common/ipc_channel_win.cc, line 346
Unable to read VR Path Registry from C:\Users\Administrator\AppData\Local\openvr\openvrpaths.vrpath
[Child 4348] WARNING: pipe error: 109: file c:/builds/moz2_slave/m-rel-w64-00000000000000000000/build/src/ipc/chromium/src/chrome/common/ipc_channel_win.cc, line 346
[Child 4348] WARNING: pipe error: 109: file c:/builds/moz2_slave/m-rel-w64-00000000000000000000/build/src/ipc/chromium/src/chrome/common/ipc_channel_win.cc, line 346
1503941881046	Marionette	INFO	Listening on port 50565
1503941881066	Marionette	INFO	Listening on port 50565
1503941881341	Marionette	WARN	TLS certificate errors will be ignored for this session
1503941881371	Marionette	DEBUG	loaded listener.js
1503941891691	Marionette	DEBUG	Received DOM event "beforeunload" for "about:blank"
1503941892240	Marionette	DEBUG	Received DOM event "pagehide" for "about:blank"
1503941892240	Marionette	DEBUG	Received DOM event "unload" for "about:blank"
1503941897982	Marionette	DEBUG	Received DOM event "DOMContentLoaded" for "https://www.pinterest.com/login/"
1503941900931	Marionette	DEBUG	Received DOM event "DOMContentLoaded" for "https://apis.google.com/"
1503941901136	Marionette	DEBUG	Received DOM event "pageshow" for "https://apis.google.com/"
1503941903507	Marionette	DEBUG	Received DOM event "DOMContentLoaded" for "https://accounts.google.com/o/oauth2/postmessageRelay?parent=https%3A%2F%2Fwww.pinterest.com&jsh=m%3B%2F_%2Fscs%2Fapps-static%2F_%2Fjs%2Fk%3Doz.gapi.zh_CN.cqt1I175xys.O%2Fm%3D__features__%2Fam%3DAQ%2Frt%3Dj%2Fd%3D1%2Frs%3DAGLTcCPTE4lkROA2MWKOLI0dHL4_aJY6pQ#rpctoken=1624833674&forcesecure=1"
1503941903603	Marionette	DEBUG	Received DOM event "pageshow" for "https://accounts.google.com/o/oauth2/postmessageRelay?parent=https%3A%2F%2Fwww.pinterest.com&jsh=m%3B%2F_%2Fscs%2Fapps-static%2F_%2Fjs%2Fk%3Doz.gapi.zh_CN.cqt1I175xys.O%2Fm%3D__features__%2Fam%3DAQ%2Frt%3Dj%2Fd%3D1%2Frs%3DAGLTcCPTE4lkROA2MWKOLI0dHL4_aJY6pQ#rpctoken=1624833674&forcesecure=1"
1503941903836	Marionette	DEBUG	Received DOM event "DOMContentLoaded" for "https://accounts.google.com/o/oauth2/auth?client_id=694505692171-31closf3bcmlt59aeulg2j81ej68j6hk.apps.googleusercontent.com&response_type=code%20token%20id_token%20gsession&scope=https%3A%2F%2Fwww.googleapis.com%2Fauth%2Fplus.login%20email&access_type=offline&after_redirect=keep_open&cookie_policy=single_host_origin&prompt=none&include_granted_scopes=true&proxy=oauth2relay797817885&redirect_uri=postmessage&origin=https%3A%2F%2Fwww.pinterest.com&gsiwebsdk=1&state=2038671082%7C0.230992999&authuser=0&e=3100077&jsh=m%3B%2F_%2Fscs%2Fapps-static%2F_%2Fjs%2Fk%3Doz.gapi.zh_CN.cqt1I175xys.O%2Fm%3D__features__%2Fam%3DAQ%2Frt%3Dj%2Fd%3D1%2Frs%3DAGLTcCPTE4lkROA2MWKOLI0dHL4_aJY6pQ"
1503941903856	Marionette	DEBUG	Received DOM event "pageshow" for "https://accounts.google.com/o/oauth2/auth?client_id=694505692171-31closf3bcmlt59aeulg2j81ej68j6hk.apps.googleusercontent.com&response_type=code%20token%20id_token%20gsession&scope=https%3A%2F%2Fwww.googleapis.com%2Fauth%2Fplus.login%20email&access_type=offline&after_redirect=keep_open&cookie_policy=single_host_origin&prompt=none&include_granted_scopes=true&proxy=oauth2relay797817885&redirect_uri=postmessage&origin=https%3A%2F%2Fwww.pinterest.com&gsiwebsdk=1&state=2038671082%7C0.230992999&authuser=0&e=3100077&jsh=m%3B%2F_%2Fscs%2Fapps-static%2F_%2Fjs%2Fk%3Doz.gapi.zh_CN.cqt1I175xys.O%2Fm%3D__features__%2Fam%3DAQ%2Frt%3Dj%2Fd%3D1%2Frs%3DAGLTcCPTE4lkROA2MWKOLI0dHL4_aJY6pQ"
1503941938304	Marionette	DEBUG	Canceled page load listener because no navigation has been detected
[GPU 7928] WARNING: pipe error: 109: file c:/builds/moz2_slave/m-rel-w64-00000000000000000000/build/src/ipc/chromium/src/chrome/common/ipc_channel_win.cc, line 346
[GPU 7928] WARNING: pipe error: 109: file c:/builds/moz2_slave/m-rel-w64-00000000000000000000/build/src/ipc/chromium/src/chrome/common/ipc_channel_win.cc, line 346
[Parent 9116] WARNING: pipe error: 109: file c:/builds/moz2_slave/m-rel-w64-00000000000000000000/build/src/ipc/chromium/src/chrome/common/ipc_channel_win.cc, line 346
Unable to read VR Path Registry from C:\Users\Administrator\AppData\Local\openvr\openvrpaths.vrpath
[Child 8844] WARNING: pipe error: 109: file c:/builds/moz2_slave/m-rel-w64-00000000000000000000/build/src/ipc/chromium/src/chrome/common/ipc_channel_win.cc, line 346
[Child 8844] WARNING: pipe error: 109: file c:/builds/moz2_slave/m-rel-w64-00000000000000000000/build/src/ipc/chromium/src/chrome/common/ipc_channel_win.cc, line 346
[GPU 7928] WARNING: pipe error: 109: file c:/builds/moz2_slave/m-rel-w64-00000000000000000000/build/src/ipc/chromium/src/chrome/common/ipc_channel_win.cc, line 346

###!!! [Child][MessageChannel::SendAndWait] Error: Channel error: cannot send/recv

